/opt/conda/envs/qiime2-amplicon-2024.10/lib/python3.10/site-packages/qiime2/metadata/io.py:365: FutureWarning: Downcasting behavior in `replace` is deprecated and will be removed in a future version. To retain the old behavior, explicitly call `result.infer_objects(copy=False)`. To opt-in to the future behavior, set `pd.set_option('future.no_silent_downcasting', True)`
  series = series.replace('', np.nan).infer_objects(copy=False)
/opt/conda/envs/qiime2-amplicon-2024.10/lib/python3.10/site-packages/qiime2/metadata/metadata.py:610: FutureWarning: Setting an item of incompatible dtype is deprecated and will raise an error in a future version of pandas. Value '[nan nan nan nan]' has dtype incompatible with float64, please explicitly cast to a compatible dtype first.
  series[missing.index] = missing
/opt/conda/envs/qiime2-amplicon-2024.10/lib/python3.10/site-packages/qiime2/metadata/metadata.py:610: FutureWarning: Setting an item of incompatible dtype is deprecated and will raise an error in a future version of pandas. Value '[nan nan nan]' has dtype incompatible with float64, please explicitly cast to a compatible dtype first.
  series[missing.index] = missing
── Attaching core tidyverse packages ──────────────────────── tidyverse 2.0.0 ──
✔ dplyr     1.1.4     ✔ readr     2.1.5
✔ forcats   1.0.0     ✔ stringr   1.5.1
✔ ggplot2   3.5.1     ✔ tibble    3.2.1
✔ lubridate 1.9.3     ✔ tidyr     1.3.1
✔ purrr     1.0.2     
── Conflicts ────────────────────────────────────────── tidyverse_conflicts() ──
✖ dplyr::filter() masks stats::filter()
✖ dplyr::lag()    masks stats::lag()
ℹ Use the conflicted package (<http://conflicted.r-lib.org/>) to force all conflicts to become errors

Attaching package: ‘jsonlite’

The following object is masked from ‘package:purrr’:

    flatten

New names:
• `` -> `...1`
'ancombc' has been fully evolved to 'ancombc2'. 
Explore the enhanced capabilities of our refined method!
Loading required package: foreach

Attaching package: ‘foreach’

The following objects are masked from ‘package:purrr’:

    accumulate, when

Loading required package: rngtools
