Unable to find image 'quay.io/qiime2/amplicon:2024.10' locally
2024.10: Pulling from qiime2/amplicon
59c6c2d6ea42: Pulling fs layer
da2f9cdca6c5: Pulling fs layer
30bffcdad7a4: Pulling fs layer
822a4fbf7f8e: Pulling fs layer
822a4fbf7f8e: Waiting
59c6c2d6ea42: Verifying Checksum
59c6c2d6ea42: Download complete
59c6c2d6ea42: Pull complete
da2f9cdca6c5: Verifying Checksum
da2f9cdca6c5: Download complete
da2f9cdca6c5: Pull complete
30bffcdad7a4: Verifying Checksum
30bffcdad7a4: Download complete
30bffcdad7a4: Pull complete
822a4fbf7f8e: Verifying Checksum
822a4fbf7f8e: Download complete
822a4fbf7f8e: Pull complete
Digest: sha256:4038fd785bf4e76ddd6ec7a7f57abe94cdca6c5cd0a93d0924971a74eabd7cf2
Status: Downloaded newer image for quay.io/qiime2/amplicon:2024.10
